<?xml version="1.0" encoding="UTF-8"?>
<testsuites tests="5" failures="1" disabled="2" errors="0" time="1.024" timestamp="2022-06-10T17:04:55.486"
            name="AllTests">
    <testsuite name="Class1" tests="3" failures="1" disabled="1" skipped="1" errors="0" time="0.513"
               timestamp="2022-06-10T17:04:55.486">
        <testcase name="test_A" file="C:\Users\janedoe\SomeTest.cpp" line="31" status="run" result="skipped" time="0"
                  timestamp="2022-06-10T17:04:55.486" classname="Class1">
            <skipped message="C:\Users\janedoe\SomeTest.cpp:33&#x0A;Skipping test_A"><![CDATA[C:\Users\janedoe\SomeTest.cpp:33
Skipping test_A]]></skipped>
        </testcase>
        <testcase name="test_B" file="C:\Users\janedoe\SomeTest.cpp" line="37" status="run" result="completed"
                  time="0.513" timestamp="2022-06-10T17:04:55.486" classname="Class1">
            <failure
                    message="C:\Users\janedoe\SomeTest.cpp:39&#x0A;Expected equality of these values:&#x0A;  1&#x0A;  doSomething()&#x0A;    Which is: 2"
                    type=""><![CDATA[C:\Users\janedoe\SomeTest.cpp:39
Expected equality of these values:
  1
  doSomething()
    Which is: 2]]></failure>
        </testcase>
        <testcase name="DISABLED_test_C" file="C:\Users\janedoe\SomeTest.cpp" line="42" status="notrun"
                  result="suppressed" time="0" timestamp="1970-01-01T01:00:00.000" classname="Class1"/>
    </testsuite>
    <testsuite name="Class2" tests="2" failures="0" disabled="1" skipped="0" errors="0" time="0.51"
               timestamp="2022-06-10T17:04:55.999">
        <testcase name="test_D" file="C:\Users\janedoe\SomeTest.cpp" line="47" status="run" result="completed"
                  time="0.51" timestamp="2022-06-10T17:04:55.999" classname="Class2"/>
        <testcase name="DISABLED_test_E" file="C:\Users\janedoe\SomeTest.cpp" line="52" status="notrun"
                  result="suppressed" time="0" timestamp="1970-01-01T01:00:00.000" classname="Class2"/>
    </testsuite>
</testsuites>